{
"/Users/ali-130257n/www/JavaScript-Algorithm-Learning/tests/binary-search-tree.test.js":{"path":"/Users/ali-130257n/www/JavaScript-Algorithm-Learning/tests/binary-search-tree.test.js","statementMap":{"0":{"start":{"line":1,"column":12},"end":{"line":1,"column":51}},"1":{"start":{"line":3,"column":12},"end":{"line":3,"column":45}},"2":{"start":{"line":4,"column":0},"end":{"line":57,"column":2}},"3":{"start":{"line":5,"column":12},"end":{"line":5,"column":21}},"4":{"start":{"line":7,"column":2},"end":{"line":13,"column":5}},"5":{"start":{"line":8,"column":4},"end":{"line":11,"column":6}},"6":{"start":{"line":9,"column":6},"end":{"line":9,"column":23}},"7":{"start":{"line":12,"column":4},"end":{"line":12,"column":37}},"8":{"start":{"line":15,"column":3},"end":{"line":18,"column":4}},"9":{"start":{"line":17,"column":4},"end":{"line":17,"column":39}},"10":{"start":{"line":20,"column":2},"end":{"line":23,"column":4}},"11":{"start":{"line":22,"column":4},"end":{"line":22,"column":39}},"12":{"start":{"line":25,"column":2},"end":{"line":28,"column":4}},"13":{"start":{"line":27,"column":4},"end":{"line":27,"column":39}},"14":{"start":{"line":30,"column":2},"end":{"line":33,"column":4}},"15":{"start":{"line":31,"column":4},"end":{"line":31,"column":26}},"16":{"start":{"line":32,"column":4},"end":{"line":32,"column":63}},"17":{"start":{"line":35,"column":2},"end":{"line":38,"column":4}},"18":{"start":{"line":36,"column":4},"end":{"line":36,"column":27}},"19":{"start":{"line":37,"column":4},"end":{"line":37,"column":71}},"20":{"start":{"line":40,"column":2},"end":{"line":43,"column":4}},"21":{"start":{"line":41,"column":4},"end":{"line":41,"column":28}},"22":{"start":{"line":42,"column":4},"end":{"line":42,"column":72}},"23":{"start":{"line":45,"column":2},"end":{"line":48,"column":4}},"24":{"start":{"line":46,"column":4},"end":{"line":46,"column":20}},"25":{"start":{"line":47,"column":4},"end":{"line":47,"column":37}},"26":{"start":{"line":50,"column":2},"end":{"line":53,"column":4}},"27":{"start":{"line":51,"column":4},"end":{"line":51,"column":20}},"28":{"start":{"line":52,"column":4},"end":{"line":52,"column":39}}},"fnMap":{"0":{"name":"(anonymous_0)","decl":{"start":{"line":4,"column":31},"end":{"line":4,"column":32}},"loc":{"start":{"line":4,"column":43},"end":{"line":57,"column":1}},"line":4},"1":{"name":"(anonymous_1)","decl":{"start":{"line":7,"column":15},"end":{"line":7,"column":16}},"loc":{"start":{"line":7,"column":27},"end":{"line":13,"column":3}},"line":7},"2":{"name":"(anonymous_2)","decl":{"start":{"line":8,"column":16},"end":{"line":8,"column":17}},"loc":{"start":{"line":8,"column":26},"end":{"line":11,"column":5}},"line":8},"3":{"name":"(anonymous_3)","decl":{"start":{"line":15,"column":25},"end":{"line":15,"column":26}},"loc":{"start":{"line":15,"column":36},"end":{"line":18,"column":3}},"line":15},"4":{"name":"(anonymous_4)","decl":{"start":{"line":20,"column":17},"end":{"line":20,"column":18}},"loc":{"start":{"line":20,"column":28},"end":{"line":23,"column":3}},"line":20},"5":{"name":"(anonymous_5)","decl":{"start":{"line":25,"column":17},"end":{"line":25,"column":18}},"loc":{"start":{"line":25,"column":28},"end":{"line":28,"column":3}},"line":25},"6":{"name":"(anonymous_6)","decl":{"start":{"line":30,"column":16},"end":{"line":30,"column":17}},"loc":{"start":{"line":30,"column":27},"end":{"line":33,"column":3}},"line":30},"7":{"name":"(anonymous_7)","decl":{"start":{"line":35,"column":17},"end":{"line":35,"column":18}},"loc":{"start":{"line":35,"column":28},"end":{"line":38,"column":3}},"line":35},"8":{"name":"(anonymous_8)","decl":{"start":{"line":40,"column":18},"end":{"line":40,"column":19}},"loc":{"start":{"line":40,"column":29},"end":{"line":43,"column":3}},"line":40},"9":{"name":"(anonymous_9)","decl":{"start":{"line":45,"column":20},"end":{"line":45,"column":21}},"loc":{"start":{"line":45,"column":31},"end":{"line":48,"column":3}},"line":45},"10":{"name":"(anonymous_10)","decl":{"start":{"line":50,"column":29},"end":{"line":50,"column":30}},"loc":{"start":{"line":50,"column":40},"end":{"line":53,"column":3}},"line":50}},"branchMap":{},"s":{"0":1,"1":1,"2":1,"3":1,"4":1,"5":1,"6":8,"7":1,"8":1,"9":1,"10":1,"11":1,"12":1,"13":1,"14":1,"15":1,"16":1,"17":1,"18":1,"19":1,"20":1,"21":1,"22":1,"23":1,"24":1,"25":1,"26":1,"27":1,"28":1},"f":{"0":1,"1":1,"2":8,"3":1,"4":1,"5":1,"6":1,"7":1,"8":1,"9":1,"10":1},"b":{},"_coverageSchema":"332fd63041d2c1bcb487cc26dd0d5f7d97098a6c","hash":"b2caf7ebd15cfc6caeb7be0a9cc57566f5d2230b","l":{"1":1,"3":1,"4":1,"5":1,"7":1,"8":1,"9":8,"12":1,"15":1,"17":1,"20":1,"22":1,"25":1,"27":1,"30":1,"31":1,"32":1,"35":1,"36":1,"37":1,"40":1,"41":1,"42":1,"45":1,"46":1,"47":1,"50":1,"51":1,"52":1}},
"/Users/ali-130257n/www/JavaScript-Algorithm-Learning/src/binary-search-tree.js":{"path":"/Users/ali-130257n/www/JavaScript-Algorithm-Learning/src/binary-search-tree.js","statementMap":{"0":{"start":{"line":7,"column":4},"end":{"line":7,"column":21}},"1":{"start":{"line":8,"column":4},"end":{"line":8,"column":21}},"2":{"start":{"line":9,"column":4},"end":{"line":9,"column":23}},"3":{"start":{"line":13,"column":4},"end":{"line":13,"column":21}},"4":{"start":{"line":21,"column":4},"end":{"line":21,"column":21}},"5":{"start":{"line":25,"column":12},"end":{"line":25,"column":38}},"6":{"start":{"line":26,"column":4},"end":{"line":28,"column":5}},"7":{"start":{"line":27,"column":6},"end":{"line":27,"column":27}},"8":{"start":{"line":29,"column":22},"end":{"line":29,"column":31}},"9":{"start":{"line":30,"column":17},"end":{"line":30,"column":21}},"10":{"start":{"line":31,"column":4},"end":{"line":46,"column":5}},"11":{"start":{"line":32,"column":6},"end":{"line":32,"column":27}},"12":{"start":{"line":33,"column":6},"end":{"line":45,"column":7}},"13":{"start":{"line":34,"column":8},"end":{"line":34,"column":39}},"14":{"start":{"line":35,"column":8},"end":{"line":38,"column":9}},"15":{"start":{"line":36,"column":10},"end":{"line":36,"column":26}},"16":{"start":{"line":37,"column":10},"end":{"line":37,"column":16}},"17":{"start":{"line":40,"column":8},"end":{"line":40,"column":40}},"18":{"start":{"line":41,"column":8},"end":{"line":44,"column":9}},"19":{"start":{"line":42,"column":10},"end":{"line":42,"column":27}},"20":{"start":{"line":43,"column":10},"end":{"line":43,"column":16}},"21":{"start":{"line":50,"column":4},"end":{"line":50,"column":48}},"22":{"start":{"line":54,"column":4},"end":{"line":56,"column":5}},"23":{"start":{"line":55,"column":6},"end":{"line":55,"column":18}},"24":{"start":{"line":58,"column":4},"end":{"line":93,"column":5}},"25":{"start":{"line":60,"column":6},"end":{"line":62,"column":7}},"26":{"start":{"line":61,"column":8},"end":{"line":61,"column":20}},"27":{"start":{"line":63,"column":6},"end":{"line":65,"column":7}},"28":{"start":{"line":64,"column":8},"end":{"line":64,"column":26}},"29":{"start":{"line":66,"column":6},"end":{"line":68,"column":7}},"30":{"start":{"line":67,"column":8},"end":{"line":67,"column":25}},"31":{"start":{"line":70,"column":24},"end":{"line":81,"column":7}},"32":{"start":{"line":71,"column":8},"end":{"line":73,"column":9}},"33":{"start":{"line":72,"column":10},"end":{"line":72,"column":22}},"34":{"start":{"line":74,"column":8},"end":{"line":76,"column":9}},"35":{"start":{"line":75,"column":10},"end":{"line":75,"column":27}},"36":{"start":{"line":77,"column":8},"end":{"line":79,"column":9}},"37":{"start":{"line":78,"column":10},"end":{"line":78,"column":41}},"38":{"start":{"line":82,"column":20},"end":{"line":82,"column":43}},"39":{"start":{"line":83,"column":6},"end":{"line":83,"column":31}},"40":{"start":{"line":84,"column":6},"end":{"line":84,"column":63}},"41":{"start":{"line":85,"column":6},"end":{"line":85,"column":18}},"42":{"start":{"line":87,"column":11},"end":{"line":93,"column":5}},"43":{"start":{"line":88,"column":6},"end":{"line":88,"column":50}},"44":{"start":{"line":89,"column":6},"end":{"line":89,"column":18}},"45":{"start":{"line":91,"column":6},"end":{"line":91,"column":52}},"46":{"start":{"line":92,"column":6},"end":{"line":92,"column":18}},"47":{"start":{"line":97,"column":18},"end":{"line":97,"column":27}},"48":{"start":{"line":98,"column":4},"end":{"line":107,"column":5}},"49":{"start":{"line":99,"column":6},"end":{"line":101,"column":7}},"50":{"start":{"line":100,"column":8},"end":{"line":100,"column":14}},"51":{"start":{"line":102,"column":6},"end":{"line":106,"column":7}},"52":{"start":{"line":103,"column":8},"end":{"line":103,"column":31}},"53":{"start":{"line":105,"column":8},"end":{"line":105,"column":31}},"54":{"start":{"line":108,"column":4},"end":{"line":108,"column":24}},"55":{"start":{"line":112,"column":18},"end":{"line":112,"column":27}},"56":{"start":{"line":113,"column":4},"end":{"line":115,"column":5}},"57":{"start":{"line":114,"column":6},"end":{"line":114,"column":30}},"58":{"start":{"line":116,"column":4},"end":{"line":116,"column":24}},"59":{"start":{"line":120,"column":18},"end":{"line":120,"column":27}},"60":{"start":{"line":121,"column":4},"end":{"line":123,"column":5}},"61":{"start":{"line":122,"column":6},"end":{"line":122,"column":29}},"62":{"start":{"line":124,"column":4},"end":{"line":124,"column":24}},"63":{"start":{"line":128,"column":4},"end":{"line":130,"column":5}},"64":{"start":{"line":129,"column":6},"end":{"line":129,"column":27}},"65":{"start":{"line":131,"column":4},"end":{"line":135,"column":5}},"66":{"start":{"line":132,"column":6},"end":{"line":132,"column":30}},"67":{"start":{"line":133,"column":6},"end":{"line":133,"column":38}},"68":{"start":{"line":134,"column":6},"end":{"line":134,"column":31}},"69":{"start":{"line":139,"column":4},"end":{"line":141,"column":5}},"70":{"start":{"line":140,"column":6},"end":{"line":140,"column":28}},"71":{"start":{"line":142,"column":4},"end":{"line":146,"column":5}},"72":{"start":{"line":143,"column":6},"end":{"line":143,"column":39}},"73":{"start":{"line":144,"column":6},"end":{"line":144,"column":31}},"74":{"start":{"line":145,"column":6},"end":{"line":145,"column":32}},"75":{"start":{"line":150,"column":4},"end":{"line":152,"column":5}},"76":{"start":{"line":151,"column":6},"end":{"line":151,"column":29}},"77":{"start":{"line":153,"column":4},"end":{"line":158,"column":5}},"78":{"start":{"line":154,"column":6},"end":{"line":154,"column":32}},"79":{"start":{"line":155,"column":6},"end":{"line":155,"column":33}},"80":{"start":{"line":156,"column":6},"end":{"line":156,"column":40}},"81":{"start":{"line":163,"column":0},"end":{"line":163,"column":34}}},"fnMap":{"0":{"name":"(anonymous_0)","decl":{"start":{"line":6,"column":2},"end":{"line":6,"column":3}},"loc":{"start":{"line":6,"column":33},"end":{"line":10,"column":3}},"line":6},"1":{"name":"(anonymous_1)","decl":{"start":{"line":12,"column":2},"end":{"line":12,"column":3}},"loc":{"start":{"line":12,"column":9},"end":{"line":14,"column":3}},"line":12},"2":{"name":"(anonymous_2)","decl":{"start":{"line":20,"column":2},"end":{"line":20,"column":3}},"loc":{"start":{"line":20,"column":16},"end":{"line":22,"column":3}},"line":20},"3":{"name":"(anonymous_3)","decl":{"start":{"line":24,"column":2},"end":{"line":24,"column":3}},"loc":{"start":{"line":24,"column":15},"end":{"line":47,"column":3}},"line":24},"4":{"name":"(anonymous_4)","decl":{"start":{"line":49,"column":2},"end":{"line":49,"column":3}},"loc":{"start":{"line":49,"column":15},"end":{"line":51,"column":3}},"line":49},"5":{"name":"(anonymous_5)","decl":{"start":{"line":53,"column":2},"end":{"line":53,"column":3}},"loc":{"start":{"line":53,"column":25},"end":{"line":94,"column":3}},"line":53},"6":{"name":"(anonymous_6)","decl":{"start":{"line":70,"column":24},"end":{"line":70,"column":25}},"loc":{"start":{"line":70,"column":39},"end":{"line":81,"column":7}},"line":70},"7":{"name":"(anonymous_7)","decl":{"start":{"line":96,"column":2},"end":{"line":96,"column":3}},"loc":{"start":{"line":96,"column":13},"end":{"line":109,"column":3}},"line":96},"8":{"name":"(anonymous_8)","decl":{"start":{"line":111,"column":2},"end":{"line":111,"column":3}},"loc":{"start":{"line":111,"column":12},"end":{"line":117,"column":3}},"line":111},"9":{"name":"(anonymous_9)","decl":{"start":{"line":119,"column":2},"end":{"line":119,"column":3}},"loc":{"start":{"line":119,"column":12},"end":{"line":125,"column":3}},"line":119},"10":{"name":"(anonymous_10)","decl":{"start":{"line":127,"column":2},"end":{"line":127,"column":3}},"loc":{"start":{"line":127,"column":16},"end":{"line":136,"column":3}},"line":127},"11":{"name":"(anonymous_11)","decl":{"start":{"line":138,"column":2},"end":{"line":138,"column":3}},"loc":{"start":{"line":138,"column":17},"end":{"line":147,"column":3}},"line":138},"12":{"name":"(anonymous_12)","decl":{"start":{"line":149,"column":2},"end":{"line":149,"column":3}},"loc":{"start":{"line":149,"column":18},"end":{"line":159,"column":3}},"line":149}},"branchMap":{"0":{"loc":{"start":{"line":26,"column":4},"end":{"line":28,"column":5}},"type":"if","locations":[{"start":{"line":26,"column":4},"end":{"line":28,"column":5}},{"start":{"line":26,"column":4},"end":{"line":28,"column":5}}],"line":26},"1":{"loc":{"start":{"line":33,"column":6},"end":{"line":45,"column":7}},"type":"if","locations":[{"start":{"line":33,"column":6},"end":{"line":45,"column":7}},{"start":{"line":33,"column":6},"end":{"line":45,"column":7}}],"line":33},"2":{"loc":{"start":{"line":35,"column":8},"end":{"line":38,"column":9}},"type":"if","locations":[{"start":{"line":35,"column":8},"end":{"line":38,"column":9}},{"start":{"line":35,"column":8},"end":{"line":38,"column":9}}],"line":35},"3":{"loc":{"start":{"line":41,"column":8},"end":{"line":44,"column":9}},"type":"if","locations":[{"start":{"line":41,"column":8},"end":{"line":44,"column":9}},{"start":{"line":41,"column":8},"end":{"line":44,"column":9}}],"line":41},"4":{"loc":{"start":{"line":54,"column":4},"end":{"line":56,"column":5}},"type":"if","locations":[{"start":{"line":54,"column":4},"end":{"line":56,"column":5}},{"start":{"line":54,"column":4},"end":{"line":56,"column":5}}],"line":54},"5":{"loc":{"start":{"line":58,"column":4},"end":{"line":93,"column":5}},"type":"if","locations":[{"start":{"line":58,"column":4},"end":{"line":93,"column":5}},{"start":{"line":58,"column":4},"end":{"line":93,"column":5}}],"line":58},"6":{"loc":{"start":{"line":60,"column":6},"end":{"line":62,"column":7}},"type":"if","locations":[{"start":{"line":60,"column":6},"end":{"line":62,"column":7}},{"start":{"line":60,"column":6},"end":{"line":62,"column":7}}],"line":60},"7":{"loc":{"start":{"line":60,"column":10},"end":{"line":60,"column":49}},"type":"binary-expr","locations":[{"start":{"line":60,"column":10},"end":{"line":60,"column":27}},{"start":{"line":60,"column":31},"end":{"line":60,"column":49}}],"line":60},"8":{"loc":{"start":{"line":63,"column":6},"end":{"line":65,"column":7}},"type":"if","locations":[{"start":{"line":63,"column":6},"end":{"line":65,"column":7}},{"start":{"line":63,"column":6},"end":{"line":65,"column":7}}],"line":63},"9":{"loc":{"start":{"line":66,"column":6},"end":{"line":68,"column":7}},"type":"if","locations":[{"start":{"line":66,"column":6},"end":{"line":68,"column":7}},{"start":{"line":66,"column":6},"end":{"line":68,"column":7}}],"line":66},"10":{"loc":{"start":{"line":71,"column":8},"end":{"line":73,"column":9}},"type":"if","locations":[{"start":{"line":71,"column":8},"end":{"line":73,"column":9}},{"start":{"line":71,"column":8},"end":{"line":73,"column":9}}],"line":71},"11":{"loc":{"start":{"line":71,"column":11},"end":{"line":71,"column":51}},"type":"binary-expr","locations":[{"start":{"line":71,"column":11},"end":{"line":71,"column":29}},{"start":{"line":71,"column":33},"end":{"line":71,"column":51}}],"line":71},"12":{"loc":{"start":{"line":74,"column":8},"end":{"line":76,"column":9}},"type":"if","locations":[{"start":{"line":74,"column":8},"end":{"line":76,"column":9}},{"start":{"line":74,"column":8},"end":{"line":76,"column":9}}],"line":74},"13":{"loc":{"start":{"line":77,"column":8},"end":{"line":79,"column":9}},"type":"if","locations":[{"start":{"line":77,"column":8},"end":{"line":79,"column":9}},{"start":{"line":77,"column":8},"end":{"line":79,"column":9}}],"line":77},"14":{"loc":{"start":{"line":87,"column":11},"end":{"line":93,"column":5}},"type":"if","locations":[{"start":{"line":87,"column":11},"end":{"line":93,"column":5}},{"start":{"line":87,"column":11},"end":{"line":93,"column":5}}],"line":87},"15":{"loc":{"start":{"line":99,"column":6},"end":{"line":101,"column":7}},"type":"if","locations":[{"start":{"line":99,"column":6},"end":{"line":101,"column":7}},{"start":{"line":99,"column":6},"end":{"line":101,"column":7}}],"line":99},"16":{"loc":{"start":{"line":102,"column":6},"end":{"line":106,"column":7}},"type":"if","locations":[{"start":{"line":102,"column":6},"end":{"line":106,"column":7}},{"start":{"line":102,"column":6},"end":{"line":106,"column":7}}],"line":102},"17":{"loc":{"start":{"line":128,"column":4},"end":{"line":130,"column":5}},"type":"if","locations":[{"start":{"line":128,"column":4},"end":{"line":130,"column":5}},{"start":{"line":128,"column":4},"end":{"line":130,"column":5}}],"line":128},"18":{"loc":{"start":{"line":131,"column":4},"end":{"line":135,"column":5}},"type":"if","locations":[{"start":{"line":131,"column":4},"end":{"line":135,"column":5}},{"start":{"line":131,"column":4},"end":{"line":135,"column":5}}],"line":131},"19":{"loc":{"start":{"line":139,"column":4},"end":{"line":141,"column":5}},"type":"if","locations":[{"start":{"line":139,"column":4},"end":{"line":141,"column":5}},{"start":{"line":139,"column":4},"end":{"line":141,"column":5}}],"line":139},"20":{"loc":{"start":{"line":142,"column":4},"end":{"line":146,"column":5}},"type":"if","locations":[{"start":{"line":142,"column":4},"end":{"line":146,"column":5}},{"start":{"line":142,"column":4},"end":{"line":146,"column":5}}],"line":142},"21":{"loc":{"start":{"line":150,"column":4},"end":{"line":152,"column":5}},"type":"if","locations":[{"start":{"line":150,"column":4},"end":{"line":152,"column":5}},{"start":{"line":150,"column":4},"end":{"line":152,"column":5}}],"line":150},"22":{"loc":{"start":{"line":153,"column":4},"end":{"line":158,"column":5}},"type":"if","locations":[{"start":{"line":153,"column":4},"end":{"line":158,"column":5}},{"start":{"line":153,"column":4},"end":{"line":158,"column":5}}],"line":153}},"s":{"0":8,"1":8,"2":8,"3":0,"4":1,"5":8,"6":8,"7":1,"8":7,"9":7,"10":7,"11":14,"12":14,"13":4,"14":4,"15":2,"16":2,"17":10,"18":10,"19":5,"20":5,"21":2,"22":6,"23":0,"24":6,"25":2,"26":1,"27":1,"28":1,"29":0,"30":0,"31":0,"32":0,"33":0,"34":0,"35":0,"36":0,"37":0,"38":0,"39":0,"40":0,"41":0,"42":4,"43":1,"44":1,"45":3,"46":3,"47":1,"48":1,"49":2,"50":1,"51":1,"52":0,"53":1,"54":1,"55":2,"56":2,"57":5,"58":2,"59":2,"60":2,"61":2,"62":2,"63":17,"64":1,"65":17,"66":8,"67":8,"68":8,"69":17,"70":1,"71":17,"72":8,"73":8,"74":8,"75":17,"76":1,"77":17,"78":8,"79":8,"80":8,"81":1},"f":{"0":8,"1":0,"2":1,"3":8,"4":2,"5":6,"6":0,"7":1,"8":2,"9":2,"10":17,"11":17,"12":17},"b":{"0":[1,7],"1":[4,10],"2":[2,2],"3":[5,5],"4":[0,6],"5":[2,4],"6":[1,1],"7":[2,2],"8":[1,0],"9":[0,0],"10":[0,0],"11":[0,0],"12":[0,0],"13":[0,0],"14":[1,3],"15":[1,1],"16":[0,1],"17":[1,16],"18":[8,9],"19":[1,16],"20":[8,9],"21":[1,16],"22":[8,9]},"_coverageSchema":"332fd63041d2c1bcb487cc26dd0d5f7d97098a6c","hash":"413f34a046e19355228b10e94813b20ff606547a","l":{"7":8,"8":8,"9":8,"13":0,"21":1,"25":8,"26":8,"27":1,"29":7,"30":7,"31":7,"32":14,"33":14,"34":4,"35":4,"36":2,"37":2,"40":10,"41":10,"42":5,"43":5,"50":2,"54":6,"55":0,"58":6,"60":2,"61":1,"63":1,"64":1,"66":0,"67":0,"70":0,"71":0,"72":0,"74":0,"75":0,"77":0,"78":0,"82":0,"83":0,"84":0,"85":0,"87":4,"88":1,"89":1,"91":3,"92":3,"97":1,"98":1,"99":2,"100":1,"102":1,"103":0,"105":1,"108":1,"112":2,"113":2,"114":5,"116":2,"120":2,"121":2,"122":2,"124":2,"128":17,"129":1,"131":17,"132":8,"133":8,"134":8,"139":17,"140":1,"142":17,"143":8,"144":8,"145":8,"150":17,"151":1,"153":17,"154":8,"155":8,"156":8,"163":1}},
"/Users/ali-130257n/www/JavaScript-Algorithm-Learning/tests/bubble-sort.test.js":{"path":"/Users/ali-130257n/www/JavaScript-Algorithm-Learning/tests/bubble-sort.test.js","statementMap":{"0":{"start":{"line":1,"column":17},"end":{"line":1,"column":49}},"1":{"start":{"line":2,"column":0},"end":{"line":6,"column":3}},"2":{"start":{"line":3,"column":19},"end":{"line":3,"column":45}},"3":{"start":{"line":4,"column":20},"end":{"line":4,"column":40}},"4":{"start":{"line":5,"column":4},"end":{"line":5,"column":59}}},"fnMap":{"0":{"name":"(anonymous_0)","decl":{"start":{"line":2,"column":18},"end":{"line":2,"column":19}},"loc":{"start":{"line":2,"column":30},"end":{"line":6,"column":1}},"line":2}},"branchMap":{},"s":{"0":1,"1":1,"2":1,"3":1,"4":1},"f":{"0":1},"b":{},"_coverageSchema":"332fd63041d2c1bcb487cc26dd0d5f7d97098a6c","hash":"69fa2bfe5242c2c2a5e291da20f3df3216dba50d","l":{"1":1,"2":1,"3":1,"4":1,"5":1}},
"/Users/ali-130257n/www/JavaScript-Algorithm-Learning/src/bubble-sort.js":{"path":"/Users/ali-130257n/www/JavaScript-Algorithm-Learning/src/bubble-sort.js","statementMap":{"0":{"start":{"line":6,"column":4},"end":{"line":14,"column":5}},"1":{"start":{"line":7,"column":8},"end":{"line":13,"column":9}},"2":{"start":{"line":8,"column":10},"end":{"line":12,"column":13}},"3":{"start":{"line":9,"column":26},"end":{"line":9,"column":32}},"4":{"start":{"line":10,"column":16},"end":{"line":10,"column":32}},"5":{"start":{"line":11,"column":16},"end":{"line":11,"column":29}},"6":{"start":{"line":15,"column":4},"end":{"line":15,"column":15}},"7":{"start":{"line":17,"column":0},"end":{"line":17,"column":28}}},"fnMap":{"0":{"name":"bubbleSort","decl":{"start":{"line":5,"column":9},"end":{"line":5,"column":19}},"loc":{"start":{"line":5,"column":25},"end":{"line":16,"column":1}},"line":5}},"branchMap":{"0":{"loc":{"start":{"line":8,"column":10},"end":{"line":12,"column":13}},"type":"if","locations":[{"start":{"line":8,"column":10},"end":{"line":12,"column":13}},{"start":{"line":8,"column":10},"end":{"line":12,"column":13}}],"line":8}},"s":{"0":1,"1":7,"2":28,"3":14,"4":14,"5":14,"6":1,"7":1},"f":{"0":1},"b":{"0":[14,14]},"_coverageSchema":"332fd63041d2c1bcb487cc26dd0d5f7d97098a6c","hash":"e4255d228620600e228d80a98592a4389cd0a448","l":{"6":1,"7":7,"8":28,"9":14,"10":14,"11":14,"15":1,"17":1}},
"/Users/ali-130257n/www/JavaScript-Algorithm-Learning/tests/find-max.test.js":{"path":"/Users/ali-130257n/www/JavaScript-Algorithm-Learning/tests/find-max.test.js","statementMap":{"0":{"start":{"line":1,"column":16},"end":{"line":1,"column":45}},"1":{"start":{"line":2,"column":0},"end":{"line":6,"column":3}},"2":{"start":{"line":3,"column":21},"end":{"line":3,"column":47}},"3":{"start":{"line":4,"column":16},"end":{"line":4,"column":33}},"4":{"start":{"line":5,"column":4},"end":{"line":5,"column":29}}},"fnMap":{"0":{"name":"(anonymous_0)","decl":{"start":{"line":2,"column":41},"end":{"line":2,"column":42}},"loc":{"start":{"line":2,"column":53},"end":{"line":6,"column":1}},"line":2}},"branchMap":{},"s":{"0":1,"1":1,"2":1,"3":1,"4":1},"f":{"0":1},"b":{},"_coverageSchema":"332fd63041d2c1bcb487cc26dd0d5f7d97098a6c","hash":"c0834462cc3ce7dce2a8c0d368e75e56c65c0b34","l":{"1":1,"2":1,"3":1,"4":1,"5":1}},
"/Users/ali-130257n/www/JavaScript-Algorithm-Learning/src/find-max.js":{"path":"/Users/ali-130257n/www/JavaScript-Algorithm-Learning/src/find-max.js","statementMap":{"0":{"start":{"line":5,"column":4},"end":{"line":7,"column":5}},"1":{"start":{"line":6,"column":8},"end":{"line":6,"column":22}},"2":{"start":{"line":8,"column":14},"end":{"line":8,"column":20}},"3":{"start":{"line":9,"column":4},"end":{"line":13,"column":5}},"4":{"start":{"line":10,"column":8},"end":{"line":12,"column":9}},"5":{"start":{"line":11,"column":12},"end":{"line":11,"column":25}},"6":{"start":{"line":14,"column":4},"end":{"line":14,"column":15}},"7":{"start":{"line":17,"column":0},"end":{"line":17,"column":25}}},"fnMap":{"0":{"name":"findMax","decl":{"start":{"line":4,"column":9},"end":{"line":4,"column":16}},"loc":{"start":{"line":4,"column":22},"end":{"line":15,"column":1}},"line":4}},"branchMap":{"0":{"loc":{"start":{"line":5,"column":4},"end":{"line":7,"column":5}},"type":"if","locations":[{"start":{"line":5,"column":4},"end":{"line":7,"column":5}},{"start":{"line":5,"column":4},"end":{"line":7,"column":5}}],"line":5},"1":{"loc":{"start":{"line":10,"column":8},"end":{"line":12,"column":9}},"type":"if","locations":[{"start":{"line":10,"column":8},"end":{"line":12,"column":9}},{"start":{"line":10,"column":8},"end":{"line":12,"column":9}}],"line":10}},"s":{"0":1,"1":0,"2":1,"3":1,"4":7,"5":3,"6":1,"7":1},"f":{"0":1},"b":{"0":[0,1],"1":[3,4]},"_coverageSchema":"332fd63041d2c1bcb487cc26dd0d5f7d97098a6c","hash":"21e2834c683549f72b6122f59a75ddcdc70b1bdc","l":{"5":1,"6":0,"8":1,"9":1,"10":7,"11":3,"14":1,"17":1}},
"/Users/ali-130257n/www/JavaScript-Algorithm-Learning/tests/find-the-duplicate-char.test.js":{"path":"/Users/ali-130257n/www/JavaScript-Algorithm-Learning/tests/find-the-duplicate-char.test.js","statementMap":{"0":{"start":{"line":1,"column":29},"end":{"line":1,"column":77}},"1":{"start":{"line":2,"column":0},"end":{"line":5,"column":3}},"2":{"start":{"line":3,"column":16},"end":{"line":3,"column":37}},"3":{"start":{"line":4,"column":4},"end":{"line":4,"column":51}}},"fnMap":{"0":{"name":"(anonymous_0)","decl":{"start":{"line":2,"column":27},"end":{"line":2,"column":28}},"loc":{"start":{"line":2,"column":39},"end":{"line":5,"column":1}},"line":2}},"branchMap":{},"s":{"0":1,"1":1,"2":1,"3":1},"f":{"0":1},"b":{},"_coverageSchema":"332fd63041d2c1bcb487cc26dd0d5f7d97098a6c","hash":"2dc1c97512c3c80bce99d8a9dd8fa9617e3d9992","l":{"1":1,"2":1,"3":1,"4":1}},
"/Users/ali-130257n/www/JavaScript-Algorithm-Learning/src/find-the-max-duplicate-char.js":{"path":"/Users/ali-130257n/www/JavaScript-Algorithm-Learning/src/find-the-max-duplicate-char.js","statementMap":{"0":{"start":{"line":6,"column":2},"end":{"line":8,"column":3}},"1":{"start":{"line":7,"column":4},"end":{"line":7,"column":15}},"2":{"start":{"line":9,"column":16},"end":{"line":9,"column":18}},"3":{"start":{"line":10,"column":2},"end":{"line":16,"column":3}},"4":{"start":{"line":11,"column":4},"end":{"line":15,"column":5}},"5":{"start":{"line":12,"column":6},"end":{"line":12,"column":33}},"6":{"start":{"line":14,"column":6},"end":{"line":14,"column":34}},"7":{"start":{"line":17,"column":16},"end":{"line":17,"column":18}},"8":{"start":{"line":18,"column":17},"end":{"line":18,"column":18}},"9":{"start":{"line":19,"column":2},"end":{"line":24,"column":3}},"10":{"start":{"line":20,"column":4},"end":{"line":23,"column":5}},"11":{"start":{"line":21,"column":6},"end":{"line":21,"column":18}},"12":{"start":{"line":22,"column":6},"end":{"line":22,"column":28}},"13":{"start":{"line":26,"column":2},"end":{"line":26,"column":17}},"14":{"start":{"line":30,"column":0},"end":{"line":30,"column":38}}},"fnMap":{"0":{"name":"findMaxDuplicateChar","decl":{"start":{"line":5,"column":9},"end":{"line":5,"column":29}},"loc":{"start":{"line":5,"column":35},"end":{"line":28,"column":1}},"line":5}},"branchMap":{"0":{"loc":{"start":{"line":6,"column":2},"end":{"line":8,"column":3}},"type":"if","locations":[{"start":{"line":6,"column":2},"end":{"line":8,"column":3}},{"start":{"line":6,"column":2},"end":{"line":8,"column":3}}],"line":6},"1":{"loc":{"start":{"line":11,"column":4},"end":{"line":15,"column":5}},"type":"if","locations":[{"start":{"line":11,"column":4},"end":{"line":15,"column":5}},{"start":{"line":11,"column":4},"end":{"line":15,"column":5}}],"line":11},"2":{"loc":{"start":{"line":20,"column":4},"end":{"line":23,"column":5}},"type":"if","locations":[{"start":{"line":20,"column":4},"end":{"line":23,"column":5}},{"start":{"line":20,"column":4},"end":{"line":23,"column":5}}],"line":20}},"s":{"0":1,"1":0,"2":1,"3":1,"4":19,"5":11,"6":8,"7":1,"8":1,"9":1,"10":11,"11":1,"12":1,"13":1,"14":1},"f":{"0":1},"b":{"0":[0,1],"1":[11,8],"2":[1,10]},"_coverageSchema":"332fd63041d2c1bcb487cc26dd0d5f7d97098a6c","hash":"e2672e44c0321f7114fb8e2391c459df444d548e","l":{"6":1,"7":0,"9":1,"10":1,"11":19,"12":11,"14":8,"17":1,"18":1,"19":1,"20":11,"21":1,"22":1,"26":1,"30":1}},
"/Users/ali-130257n/www/JavaScript-Algorithm-Learning/tests/heap-sort.test.js":{"path":"/Users/ali-130257n/www/JavaScript-Algorithm-Learning/tests/heap-sort.test.js","statementMap":{"0":{"start":{"line":1,"column":17},"end":{"line":1,"column":47}},"1":{"start":{"line":2,"column":0},"end":{"line":6,"column":3}},"2":{"start":{"line":3,"column":21},"end":{"line":3,"column":47}},"3":{"start":{"line":4,"column":22},"end":{"line":4,"column":40}},"4":{"start":{"line":5,"column":4},"end":{"line":5,"column":59}}},"fnMap":{"0":{"name":"(anonymous_0)","decl":{"start":{"line":2,"column":18},"end":{"line":2,"column":19}},"loc":{"start":{"line":2,"column":30},"end":{"line":6,"column":1}},"line":2}},"branchMap":{},"s":{"0":1,"1":1,"2":1,"3":1,"4":1},"f":{"0":1},"b":{},"_coverageSchema":"332fd63041d2c1bcb487cc26dd0d5f7d97098a6c","hash":"55bab35ea86830c1b5973162d78b8ca51542d069","l":{"1":1,"2":1,"3":1,"4":1,"5":1}},
"/Users/ali-130257n/www/JavaScript-Algorithm-Learning/src/heap-sort.js":{"path":"/Users/ali-130257n/www/JavaScript-Algorithm-Learning/src/heap-sort.js","statementMap":{"0":{"start":{"line":6,"column":19},"end":{"line":23,"column":3}},"1":{"start":{"line":7,"column":14},"end":{"line":7,"column":19}},"2":{"start":{"line":8,"column":14},"end":{"line":8,"column":25}},"3":{"start":{"line":9,"column":4},"end":{"line":22,"column":5}},"4":{"start":{"line":10,"column":6},"end":{"line":12,"column":7}},"5":{"start":{"line":11,"column":8},"end":{"line":11,"column":14}},"6":{"start":{"line":13,"column":6},"end":{"line":21,"column":7}},"7":{"start":{"line":14,"column":8},"end":{"line":14,"column":15}},"8":{"start":{"line":16,"column":18},"end":{"line":16,"column":26}},"9":{"start":{"line":17,"column":8},"end":{"line":17,"column":28}},"10":{"start":{"line":18,"column":8},"end":{"line":18,"column":23}},"11":{"start":{"line":19,"column":8},"end":{"line":19,"column":18}},"12":{"start":{"line":20,"column":8},"end":{"line":20,"column":23}},"13":{"start":{"line":25,"column":12},"end":{"line":25,"column":22}},"14":{"start":{"line":26,"column":2},"end":{"line":28,"column":3}},"15":{"start":{"line":27,"column":4},"end":{"line":27,"column":30}},"16":{"start":{"line":29,"column":2},"end":{"line":34,"column":3}},"17":{"start":{"line":30,"column":14},"end":{"line":30,"column":20}},"18":{"start":{"line":31,"column":4},"end":{"line":31,"column":20}},"19":{"start":{"line":32,"column":4},"end":{"line":32,"column":17}},"20":{"start":{"line":33,"column":4},"end":{"line":33,"column":28}},"21":{"start":{"line":36,"column":2},"end":{"line":36,"column":13}},"22":{"start":{"line":41,"column":0},"end":{"line":41,"column":26}}},"fnMap":{"0":{"name":"heapSort","decl":{"start":{"line":4,"column":9},"end":{"line":4,"column":17}},"loc":{"start":{"line":4,"column":23},"end":{"line":38,"column":1}},"line":4},"1":{"name":"(anonymous_1)","decl":{"start":{"line":6,"column":19},"end":{"line":6,"column":20}},"loc":{"start":{"line":6,"column":45},"end":{"line":23,"column":3}},"line":6}},"branchMap":{"0":{"loc":{"start":{"line":10,"column":6},"end":{"line":12,"column":7}},"type":"if","locations":[{"start":{"line":10,"column":6},"end":{"line":12,"column":7}},{"start":{"line":10,"column":6},"end":{"line":12,"column":7}}],"line":10},"1":{"loc":{"start":{"line":10,"column":10},"end":{"line":10,"column":51}},"type":"binary-expr","locations":[{"start":{"line":10,"column":10},"end":{"line":10,"column":24}},{"start":{"line":10,"column":28},"end":{"line":10,"column":51}}],"line":10},"2":{"loc":{"start":{"line":13,"column":6},"end":{"line":21,"column":7}},"type":"if","locations":[{"start":{"line":13,"column":6},"end":{"line":21,"column":7}},{"start":{"line":13,"column":6},"end":{"line":21,"column":7}}],"line":13}},"s":{"0":1,"1":11,"2":11,"3":11,"4":14,"5":5,"6":14,"7":3,"8":11,"9":11,"10":11,"11":11,"12":11,"13":1,"14":1,"15":4,"16":1,"17":7,"18":7,"19":7,"20":7,"21":1,"22":1},"f":{"0":1,"1":11},"b":{"0":[5,9],"1":[14,12],"2":[3,11]},"_coverageSchema":"332fd63041d2c1bcb487cc26dd0d5f7d97098a6c","hash":"e18a8fc7dc7dfb7cbd60cc24d00fb336e6cd5778","l":{"6":1,"7":11,"8":11,"9":11,"10":14,"11":5,"13":14,"14":3,"16":11,"17":11,"18":11,"19":11,"20":11,"25":1,"26":1,"27":4,"29":1,"30":7,"31":7,"32":7,"33":7,"36":1,"41":1}},
"/Users/ali-130257n/www/JavaScript-Algorithm-Learning/tests/inser-sort.test.js":{"path":"/Users/ali-130257n/www/JavaScript-Algorithm-Learning/tests/inser-sort.test.js","statementMap":{"0":{"start":{"line":1,"column":18},"end":{"line":1,"column":50}},"1":{"start":{"line":2,"column":0},"end":{"line":6,"column":3}},"2":{"start":{"line":3,"column":21},"end":{"line":3,"column":47}},"3":{"start":{"line":4,"column":22},"end":{"line":4,"column":41}},"4":{"start":{"line":5,"column":4},"end":{"line":5,"column":59}}},"fnMap":{"0":{"name":"(anonymous_0)","decl":{"start":{"line":2,"column":18},"end":{"line":2,"column":19}},"loc":{"start":{"line":2,"column":30},"end":{"line":6,"column":1}},"line":2}},"branchMap":{},"s":{"0":1,"1":1,"2":1,"3":1,"4":1},"f":{"0":1},"b":{},"_coverageSchema":"332fd63041d2c1bcb487cc26dd0d5f7d97098a6c","hash":"e0c25759b810e804081557b998019131b4b7d98a","l":{"1":1,"2":1,"3":1,"4":1,"5":1}},
"/Users/ali-130257n/www/JavaScript-Algorithm-Learning/src/insert-sort.js":{"path":"/Users/ali-130257n/www/JavaScript-Algorithm-Learning/src/insert-sort.js","statementMap":{"0":{"start":{"line":6,"column":4},"end":{"line":14,"column":5}},"1":{"start":{"line":7,"column":16},"end":{"line":7,"column":17}},"2":{"start":{"line":8,"column":18},"end":{"line":8,"column":24}},"3":{"start":{"line":9,"column":8},"end":{"line":12,"column":9}},"4":{"start":{"line":10,"column":12},"end":{"line":10,"column":30}},"5":{"start":{"line":11,"column":12},"end":{"line":11,"column":16}},"6":{"start":{"line":13,"column":8},"end":{"line":13,"column":21}},"7":{"start":{"line":15,"column":4},"end":{"line":15,"column":15}},"8":{"start":{"line":18,"column":0},"end":{"line":18,"column":28}}},"fnMap":{"0":{"name":"insertSort","decl":{"start":{"line":5,"column":9},"end":{"line":5,"column":19}},"loc":{"start":{"line":5,"column":25},"end":{"line":16,"column":1}},"line":5}},"branchMap":{"0":{"loc":{"start":{"line":9,"column":14},"end":{"line":9,"column":31}},"type":"binary-expr","locations":[{"start":{"line":9,"column":14},"end":{"line":9,"column":17}},{"start":{"line":9,"column":19},"end":{"line":9,"column":31}}],"line":9}},"s":{"0":1,"1":7,"2":7,"3":7,"4":14,"5":14,"6":7,"7":1,"8":1},"f":{"0":1},"b":{"0":[21,20]},"_coverageSchema":"332fd63041d2c1bcb487cc26dd0d5f7d97098a6c","hash":"2da37df4cd4e895852320ce6fd095542c9e7aa30","l":{"6":1,"7":7,"8":7,"9":7,"10":14,"11":14,"13":7,"15":1,"18":1}},
"/Users/ali-130257n/www/JavaScript-Algorithm-Learning/tests/knapsack.test.js":{"path":"/Users/ali-130257n/www/JavaScript-Algorithm-Learning/tests/knapsack.test.js","statementMap":{"0":{"start":{"line":1,"column":17},"end":{"line":1,"column":46}},"1":{"start":{"line":2,"column":0},"end":{"line":8,"column":3}},"2":{"start":{"line":3,"column":20},"end":{"line":3,"column":22}},"3":{"start":{"line":4,"column":18},"end":{"line":4,"column":29}},"4":{"start":{"line":5,"column":19},"end":{"line":5,"column":33}},"5":{"start":{"line":7,"column":4},"end":{"line":7,"column":57}}},"fnMap":{"0":{"name":"(anonymous_0)","decl":{"start":{"line":2,"column":24},"end":{"line":2,"column":25}},"loc":{"start":{"line":2,"column":36},"end":{"line":8,"column":1}},"line":2}},"branchMap":{},"s":{"0":1,"1":1,"2":1,"3":1,"4":1,"5":1},"f":{"0":1},"b":{},"_coverageSchema":"332fd63041d2c1bcb487cc26dd0d5f7d97098a6c","hash":"f31fffbeb543fce00768114407563c4c49fda9a0","l":{"1":1,"2":1,"3":1,"4":1,"5":1,"7":1}},
"/Users/ali-130257n/www/JavaScript-Algorithm-Learning/src/knapsack.js":{"path":"/Users/ali-130257n/www/JavaScript-Algorithm-Learning/src/knapsack.js","statementMap":{"0":{"start":{"line":5,"column":10},"end":{"line":5,"column":12}},"1":{"start":{"line":6,"column":2},"end":{"line":8,"column":3}},"2":{"start":{"line":7,"column":4},"end":{"line":7,"column":14}},"3":{"start":{"line":9,"column":2},"end":{"line":21,"column":3}},"4":{"start":{"line":10,"column":4},"end":{"line":20,"column":5}},"5":{"start":{"line":11,"column":6},"end":{"line":17,"column":7}},"6":{"start":{"line":12,"column":8},"end":{"line":12,"column":20}},"7":{"start":{"line":13,"column":12},"end":{"line":17,"column":7}},"8":{"start":{"line":14,"column":8},"end":{"line":14,"column":71}},"9":{"start":{"line":16,"column":8},"end":{"line":16,"column":28}},"10":{"start":{"line":23,"column":2},"end":{"line":23,"column":24}},"11":{"start":{"line":27,"column":0},"end":{"line":27,"column":26}}},"fnMap":{"0":{"name":"knapsack","decl":{"start":{"line":4,"column":9},"end":{"line":4,"column":17}},"loc":{"start":{"line":4,"column":44},"end":{"line":25,"column":1}},"line":4}},"branchMap":{"0":{"loc":{"start":{"line":11,"column":6},"end":{"line":17,"column":7}},"type":"if","locations":[{"start":{"line":11,"column":6},"end":{"line":17,"column":7}},{"start":{"line":11,"column":6},"end":{"line":17,"column":7}}],"line":11},"1":{"loc":{"start":{"line":11,"column":9},"end":{"line":11,"column":21}},"type":"binary-expr","locations":[{"start":{"line":11,"column":9},"end":{"line":11,"column":13}},{"start":{"line":11,"column":17},"end":{"line":11,"column":21}}],"line":11},"2":{"loc":{"start":{"line":13,"column":12},"end":{"line":17,"column":7}},"type":"if","locations":[{"start":{"line":13,"column":12},"end":{"line":17,"column":7}},{"start":{"line":13,"column":12},"end":{"line":17,"column":7}}],"line":13}},"s":{"0":1,"1":1,"2":6,"3":1,"4":6,"5":102,"6":22,"7":80,"8":54,"9":26,"10":1,"11":1},"f":{"0":1},"b":{"0":[22,80],"1":[102,85],"2":[54,26]},"_coverageSchema":"332fd63041d2c1bcb487cc26dd0d5f7d97098a6c","hash":"20bf84d9baa8b6bfce02aaf3e993c3d359906545","l":{"5":1,"6":1,"7":6,"9":1,"10":6,"11":102,"12":22,"13":80,"14":54,"16":26,"23":1,"27":1}},
"/Users/ali-130257n/www/JavaScript-Algorithm-Learning/tests/quick-sort.test.js":{"path":"/Users/ali-130257n/www/JavaScript-Algorithm-Learning/tests/quick-sort.test.js","statementMap":{"0":{"start":{"line":1,"column":18},"end":{"line":1,"column":49}},"1":{"start":{"line":2,"column":0},"end":{"line":6,"column":3}},"2":{"start":{"line":3,"column":21},"end":{"line":3,"column":47}},"3":{"start":{"line":4,"column":22},"end":{"line":4,"column":41}},"4":{"start":{"line":5,"column":4},"end":{"line":5,"column":59}}},"fnMap":{"0":{"name":"(anonymous_0)","decl":{"start":{"line":2,"column":18},"end":{"line":2,"column":19}},"loc":{"start":{"line":2,"column":30},"end":{"line":6,"column":1}},"line":2}},"branchMap":{},"s":{"0":1,"1":1,"2":1,"3":1,"4":1},"f":{"0":1},"b":{},"_coverageSchema":"332fd63041d2c1bcb487cc26dd0d5f7d97098a6c","hash":"b35f50bf19fc085ba9048a3d6faf815651727ef9","l":{"1":1,"2":1,"3":1,"4":1,"5":1}},
"/Users/ali-130257n/www/JavaScript-Algorithm-Learning/src/quick-sort.js":{"path":"/Users/ali-130257n/www/JavaScript-Algorithm-Learning/src/quick-sort.js","statementMap":{"0":{"start":{"line":6,"column":4},"end":{"line":8,"column":5}},"1":{"start":{"line":7,"column":8},"end":{"line":7,"column":19}},"2":{"start":{"line":10,"column":18},"end":{"line":10,"column":20}},"3":{"start":{"line":11,"column":19},"end":{"line":11,"column":21}},"4":{"start":{"line":12,"column":12},"end":{"line":12,"column":18}},"5":{"start":{"line":13,"column":4},"end":{"line":19,"column":5}},"6":{"start":{"line":14,"column":8},"end":{"line":18,"column":9}},"7":{"start":{"line":15,"column":12},"end":{"line":15,"column":34}},"8":{"start":{"line":17,"column":12},"end":{"line":17,"column":33}},"9":{"start":{"line":21,"column":4},"end":{"line":21,"column":65}},"10":{"start":{"line":25,"column":0},"end":{"line":25,"column":27}}},"fnMap":{"0":{"name":"quickSort","decl":{"start":{"line":4,"column":9},"end":{"line":4,"column":18}},"loc":{"start":{"line":4,"column":24},"end":{"line":22,"column":1}},"line":4}},"branchMap":{"0":{"loc":{"start":{"line":6,"column":4},"end":{"line":8,"column":5}},"type":"if","locations":[{"start":{"line":6,"column":4},"end":{"line":8,"column":5}},{"start":{"line":6,"column":4},"end":{"line":8,"column":5}}],"line":6},"1":{"loc":{"start":{"line":14,"column":8},"end":{"line":18,"column":9}},"type":"if","locations":[{"start":{"line":14,"column":8},"end":{"line":18,"column":9}},{"start":{"line":14,"column":8},"end":{"line":18,"column":9}}],"line":14}},"s":{"0":11,"1":6,"2":5,"3":5,"4":5,"5":5,"6":14,"7":10,"8":4,"9":5,"10":1},"f":{"0":11},"b":{"0":[6,5],"1":[10,4]},"_coverageSchema":"332fd63041d2c1bcb487cc26dd0d5f7d97098a6c","hash":"d19d6f941ad7acfa3f536aaf2a238abdb2ce3f88","l":{"6":11,"7":6,"10":5,"11":5,"12":5,"13":5,"14":14,"15":10,"17":4,"21":5,"25":1}},
"/Users/ali-130257n/www/JavaScript-Algorithm-Learning/tests/random-string.test.js":{"path":"/Users/ali-130257n/www/JavaScript-Algorithm-Learning/tests/random-string.test.js","statementMap":{"0":{"start":{"line":1,"column":21},"end":{"line":1,"column":55}},"1":{"start":{"line":2,"column":0},"end":{"line":5,"column":3}},"2":{"start":{"line":3,"column":16},"end":{"line":3,"column":31}},"3":{"start":{"line":4,"column":4},"end":{"line":4,"column":34}}},"fnMap":{"0":{"name":"(anonymous_0)","decl":{"start":{"line":2,"column":32},"end":{"line":2,"column":33}},"loc":{"start":{"line":2,"column":44},"end":{"line":5,"column":1}},"line":2}},"branchMap":{},"s":{"0":1,"1":1,"2":1,"3":1},"f":{"0":1},"b":{},"_coverageSchema":"332fd63041d2c1bcb487cc26dd0d5f7d97098a6c","hash":"df0ff48d776a44ad1d1aa2c2f94bc7760d3e7e24","l":{"1":1,"2":1,"3":1,"4":1}},
"/Users/ali-130257n/www/JavaScript-Algorithm-Learning/src/random-string.js":{"path":"/Users/ali-130257n/www/JavaScript-Algorithm-Learning/src/random-string.js","statementMap":{"0":{"start":{"line":6,"column":12},"end":{"line":6,"column":50}},"1":{"start":{"line":7,"column":12},"end":{"line":7,"column":14}},"2":{"start":{"line":8,"column":10},"end":{"line":8,"column":11}},"3":{"start":{"line":9,"column":10},"end":{"line":9,"column":20}},"4":{"start":{"line":10,"column":2},"end":{"line":12,"column":3}},"5":{"start":{"line":11,"column":4},"end":{"line":11,"column":53}},"6":{"start":{"line":13,"column":2},"end":{"line":13,"column":13}},"7":{"start":{"line":16,"column":0},"end":{"line":16,"column":30}}},"fnMap":{"0":{"name":"randomString","decl":{"start":{"line":5,"column":9},"end":{"line":5,"column":21}},"loc":{"start":{"line":5,"column":25},"end":{"line":14,"column":1}},"line":5}},"branchMap":{},"s":{"0":1,"1":1,"2":1,"3":1,"4":1,"5":8,"6":1,"7":1},"f":{"0":1},"b":{},"_coverageSchema":"332fd63041d2c1bcb487cc26dd0d5f7d97098a6c","hash":"cb745823c009f629d4eb44c244dc9dc8d9ed6a10","l":{"6":1,"7":1,"8":1,"9":1,"10":1,"11":8,"13":1,"16":1}},
"/Users/ali-130257n/www/JavaScript-Algorithm-Learning/tests/selection-sort.test.js":{"path":"/Users/ali-130257n/www/JavaScript-Algorithm-Learning/tests/selection-sort.test.js","statementMap":{"0":{"start":{"line":1,"column":22},"end":{"line":1,"column":57}},"1":{"start":{"line":2,"column":0},"end":{"line":6,"column":3}},"2":{"start":{"line":3,"column":21},"end":{"line":3,"column":47}},"3":{"start":{"line":4,"column":22},"end":{"line":4,"column":45}},"4":{"start":{"line":5,"column":4},"end":{"line":5,"column":59}}},"fnMap":{"0":{"name":"(anonymous_0)","decl":{"start":{"line":2,"column":18},"end":{"line":2,"column":19}},"loc":{"start":{"line":2,"column":30},"end":{"line":6,"column":1}},"line":2}},"branchMap":{},"s":{"0":1,"1":1,"2":1,"3":1,"4":1},"f":{"0":1},"b":{},"_coverageSchema":"332fd63041d2c1bcb487cc26dd0d5f7d97098a6c","hash":"6d333153cf7f6b18b1146eca5364690b2a388182","l":{"1":1,"2":1,"3":1,"4":1,"5":1}},
"/Users/ali-130257n/www/JavaScript-Algorithm-Learning/src/selection-sort.js":{"path":"/Users/ali-130257n/www/JavaScript-Algorithm-Learning/src/selection-sort.js","statementMap":{"0":{"start":{"line":5,"column":4},"end":{"line":15,"column":5}},"1":{"start":{"line":6,"column":18},"end":{"line":6,"column":24}},"2":{"start":{"line":7,"column":8},"end":{"line":13,"column":9}},"3":{"start":{"line":8,"column":12},"end":{"line":12,"column":13}},"4":{"start":{"line":9,"column":26},"end":{"line":9,"column":29}},"5":{"start":{"line":10,"column":16},"end":{"line":10,"column":29}},"6":{"start":{"line":11,"column":16},"end":{"line":11,"column":29}},"7":{"start":{"line":14,"column":8},"end":{"line":14,"column":21}},"8":{"start":{"line":16,"column":4},"end":{"line":16,"column":15}},"9":{"start":{"line":19,"column":0},"end":{"line":19,"column":31}}},"fnMap":{"0":{"name":"selectionSort","decl":{"start":{"line":4,"column":9},"end":{"line":4,"column":22}},"loc":{"start":{"line":4,"column":28},"end":{"line":17,"column":1}},"line":4}},"branchMap":{"0":{"loc":{"start":{"line":8,"column":12},"end":{"line":12,"column":13}},"type":"if","locations":[{"start":{"line":8,"column":12},"end":{"line":12,"column":13}},{"start":{"line":8,"column":12},"end":{"line":12,"column":13}}],"line":8}},"s":{"0":1,"1":7,"2":7,"3":28,"4":14,"5":14,"6":14,"7":7,"8":1,"9":1},"f":{"0":1},"b":{"0":[14,14]},"_coverageSchema":"332fd63041d2c1bcb487cc26dd0d5f7d97098a6c","hash":"6c975a5e43f653c9c3275f81eaef51bc44b53aa1","l":{"5":1,"6":7,"7":7,"8":28,"9":14,"10":14,"11":14,"14":7,"16":1,"19":1}},
"/Users/ali-130257n/www/JavaScript-Algorithm-Learning/tests/shell-sort.test.js":{"path":"/Users/ali-130257n/www/JavaScript-Algorithm-Learning/tests/shell-sort.test.js","statementMap":{"0":{"start":{"line":1,"column":18},"end":{"line":1,"column":49}},"1":{"start":{"line":2,"column":0},"end":{"line":6,"column":3}},"2":{"start":{"line":3,"column":21},"end":{"line":3,"column":47}},"3":{"start":{"line":4,"column":22},"end":{"line":4,"column":41}},"4":{"start":{"line":5,"column":4},"end":{"line":5,"column":59}}},"fnMap":{"0":{"name":"(anonymous_0)","decl":{"start":{"line":2,"column":17},"end":{"line":2,"column":18}},"loc":{"start":{"line":2,"column":29},"end":{"line":6,"column":1}},"line":2}},"branchMap":{},"s":{"0":1,"1":1,"2":1,"3":1,"4":1},"f":{"0":1},"b":{},"_coverageSchema":"332fd63041d2c1bcb487cc26dd0d5f7d97098a6c","hash":"a096cebee702899c89b6da64fcdfb54f821675cf","l":{"1":1,"2":1,"3":1,"4":1,"5":1}},
"/Users/ali-130257n/www/JavaScript-Algorithm-Learning/src/shell-sort.js":{"path":"/Users/ali-130257n/www/JavaScript-Algorithm-Learning/src/shell-sort.js","statementMap":{"0":{"start":{"line":5,"column":12},"end":{"line":5,"column":22}},"1":{"start":{"line":6,"column":14},"end":{"line":6,"column":20}},"2":{"start":{"line":8,"column":4},"end":{"line":18,"column":5}},"3":{"start":{"line":9,"column":8},"end":{"line":16,"column":9}},"4":{"start":{"line":10,"column":22},"end":{"line":10,"column":28}},"5":{"start":{"line":11,"column":20},"end":{"line":11,"column":27}},"6":{"start":{"line":12,"column":12},"end":{"line":14,"column":13}},"7":{"start":{"line":13,"column":16},"end":{"line":13,"column":36}},"8":{"start":{"line":15,"column":12},"end":{"line":15,"column":29}},"9":{"start":{"line":17,"column":8},"end":{"line":17,"column":23}},"10":{"start":{"line":20,"column":4},"end":{"line":20,"column":15}},"11":{"start":{"line":24,"column":0},"end":{"line":24,"column":27}},"12":{"start":{"line":26,"column":0},"end":{"line":28,"column":3}}},"fnMap":{"0":{"name":"shellSort","decl":{"start":{"line":4,"column":9},"end":{"line":4,"column":18}},"loc":{"start":{"line":4,"column":24},"end":{"line":22,"column":1}},"line":4},"1":{"name":"(anonymous_1)","decl":{"start":{"line":26,"column":35},"end":{"line":26,"column":36}},"loc":{"start":{"line":26,"column":47},"end":{"line":28,"column":1}},"line":26}},"branchMap":{"0":{"loc":{"start":{"line":12,"column":17},"end":{"line":12,"column":33}},"type":"binary-expr","locations":[{"start":{"line":12,"column":17},"end":{"line":12,"column":21}},{"start":{"line":12,"column":23},"end":{"line":12,"column":33}}],"line":12}},"s":{"0":1,"1":1,"2":1,"3":3,"4":17,"5":17,"6":17,"7":8,"8":17,"9":3,"10":1,"11":1,"12":1},"f":{"0":1,"1":0},"b":{"0":[25,21]},"_coverageSchema":"332fd63041d2c1bcb487cc26dd0d5f7d97098a6c","hash":"739b6b9ea51f9f7da20fb47226da2acff91d6e1a","l":{"5":1,"6":1,"8":1,"9":3,"10":17,"11":17,"12":17,"13":8,"15":17,"17":3,"20":1,"24":1,"26":1}},
"/Users/ali-130257n/www/JavaScript-Algorithm-Learning/tests/swap-number-without-temp.test.js":{"path":"/Users/ali-130257n/www/JavaScript-Algorithm-Learning/tests/swap-number-without-temp.test.js","statementMap":{"0":{"start":{"line":1,"column":13},"end":{"line":1,"column":58}},"1":{"start":{"line":2,"column":0},"end":{"line":6,"column":3}},"2":{"start":{"line":3,"column":21},"end":{"line":3,"column":28}},"3":{"start":{"line":5,"column":4},"end":{"line":5,"column":59}}},"fnMap":{"0":{"name":"(anonymous_0)","decl":{"start":{"line":2,"column":17},"end":{"line":2,"column":18}},"loc":{"start":{"line":2,"column":29},"end":{"line":6,"column":1}},"line":2}},"branchMap":{},"s":{"0":1,"1":1,"2":1,"3":1},"f":{"0":1},"b":{},"_coverageSchema":"332fd63041d2c1bcb487cc26dd0d5f7d97098a6c","hash":"1621fa82b7e97b88f0bad351f576eb045d8c5d25","l":{"1":1,"2":1,"3":1,"5":1}},
"/Users/ali-130257n/www/JavaScript-Algorithm-Learning/src/swap-number-without-temp.js":{"path":"/Users/ali-130257n/www/JavaScript-Algorithm-Learning/src/swap-number-without-temp.js","statementMap":{"0":{"start":{"line":6,"column":2},"end":{"line":6,"column":12}},"1":{"start":{"line":7,"column":2},"end":{"line":7,"column":12}},"2":{"start":{"line":8,"column":2},"end":{"line":8,"column":12}},"3":{"start":{"line":9,"column":2},"end":{"line":9,"column":15}},"4":{"start":{"line":12,"column":0},"end":{"line":12,"column":22}}},"fnMap":{"0":{"name":"swap","decl":{"start":{"line":5,"column":9},"end":{"line":5,"column":13}},"loc":{"start":{"line":5,"column":21},"end":{"line":10,"column":1}},"line":5}},"branchMap":{},"s":{"0":1,"1":1,"2":1,"3":1,"4":1},"f":{"0":1},"b":{},"_coverageSchema":"332fd63041d2c1bcb487cc26dd0d5f7d97098a6c","hash":"f060a80157878b44bd05a0dedd0a9e9bed872182","l":{"6":1,"7":1,"8":1,"9":1,"12":1}},
"/Users/ali-130257n/www/JavaScript-Algorithm-Learning/tests/unique.test.js":{"path":"/Users/ali-130257n/www/JavaScript-Algorithm-Learning/tests/unique.test.js","statementMap":{"0":{"start":{"line":1,"column":15},"end":{"line":1,"column":42}},"1":{"start":{"line":2,"column":0},"end":{"line":5,"column":3}},"2":{"start":{"line":3,"column":21},"end":{"line":3,"column":43}},"3":{"start":{"line":4,"column":4},"end":{"line":4,"column":56}}},"fnMap":{"0":{"name":"(anonymous_0)","decl":{"start":{"line":2,"column":23},"end":{"line":2,"column":24}},"loc":{"start":{"line":2,"column":35},"end":{"line":5,"column":1}},"line":2}},"branchMap":{},"s":{"0":1,"1":1,"2":1,"3":1},"f":{"0":1},"b":{},"_coverageSchema":"332fd63041d2c1bcb487cc26dd0d5f7d97098a6c","hash":"3b154d507ed0f305e3df6befe1fda62a355a0d8b","l":{"1":1,"2":1,"3":1,"4":1}},
"/Users/ali-130257n/www/JavaScript-Algorithm-Learning/src/unique.js":{"path":"/Users/ali-130257n/www/JavaScript-Algorithm-Learning/src/unique.js","statementMap":{"0":{"start":{"line":5,"column":13},"end":{"line":17,"column":1}},"1":{"start":{"line":6,"column":18},"end":{"line":6,"column":20}},"2":{"start":{"line":7,"column":13},"end":{"line":7,"column":15}},"3":{"start":{"line":8,"column":2},"end":{"line":13,"column":3}},"4":{"start":{"line":9,"column":4},"end":{"line":12,"column":5}},"5":{"start":{"line":10,"column":6},"end":{"line":10,"column":31}},"6":{"start":{"line":11,"column":6},"end":{"line":11,"column":24}},"7":{"start":{"line":15,"column":2},"end":{"line":15,"column":13}},"8":{"start":{"line":19,"column":0},"end":{"line":19,"column":24}}},"fnMap":{"0":{"name":"(anonymous_0)","decl":{"start":{"line":5,"column":13},"end":{"line":5,"column":14}},"loc":{"start":{"line":5,"column":27},"end":{"line":17,"column":1}},"line":5}},"branchMap":{"0":{"loc":{"start":{"line":9,"column":4},"end":{"line":12,"column":5}},"type":"if","locations":[{"start":{"line":9,"column":4},"end":{"line":12,"column":5}},{"start":{"line":9,"column":4},"end":{"line":12,"column":5}}],"line":9}},"s":{"0":1,"1":1,"2":1,"3":1,"4":8,"5":6,"6":6,"7":1,"8":1},"f":{"0":1},"b":{"0":[6,2]},"_coverageSchema":"332fd63041d2c1bcb487cc26dd0d5f7d97098a6c","hash":"bae2c94286f39163a32742d2ca4ab860d4ded9a8","l":{"5":1,"6":1,"7":1,"8":1,"9":8,"10":6,"11":6,"15":1,"19":1}}}
