TN:
SF:/Users/ali-130257n/www/JavaScript-Algorithm-Learning/tests/binary-search-tree.test.js
FN:4,(anonymous_0)
FN:7,(anonymous_1)
FN:8,(anonymous_2)
FN:15,(anonymous_3)
FN:20,(anonymous_4)
FN:25,(anonymous_5)
FN:30,(anonymous_6)
FN:35,(anonymous_7)
FN:40,(anonymous_8)
FN:45,(anonymous_9)
FN:50,(anonymous_10)
FNF:11
FNH:11
FNDA:1,(anonymous_0)
FNDA:1,(anonymous_1)
FNDA:8,(anonymous_2)
FNDA:1,(anonymous_3)
FNDA:1,(anonymous_4)
FNDA:1,(anonymous_5)
FNDA:1,(anonymous_6)
FNDA:1,(anonymous_7)
FNDA:1,(anonymous_8)
FNDA:1,(anonymous_9)
FNDA:1,(anonymous_10)
DA:1,1
DA:3,1
DA:4,1
DA:5,1
DA:7,1
DA:8,1
DA:9,8
DA:12,1
DA:15,1
DA:17,1
DA:20,1
DA:22,1
DA:25,1
DA:27,1
DA:30,1
DA:31,1
DA:32,1
DA:35,1
DA:36,1
DA:37,1
DA:40,1
DA:41,1
DA:42,1
DA:45,1
DA:46,1
DA:47,1
DA:50,1
DA:51,1
DA:52,1
LF:29
LH:29
BRF:0
BRH:0
end_of_record
TN:
SF:/Users/ali-130257n/www/JavaScript-Algorithm-Learning/src/binary-search-tree.js
FN:6,(anonymous_0)
FN:12,(anonymous_1)
FN:20,(anonymous_2)
FN:24,(anonymous_3)
FN:49,(anonymous_4)
FN:53,(anonymous_5)
FN:70,(anonymous_6)
FN:96,(anonymous_7)
FN:111,(anonymous_8)
FN:119,(anonymous_9)
FN:127,(anonymous_10)
FN:138,(anonymous_11)
FN:149,(anonymous_12)
FNF:13
FNH:11
FNDA:8,(anonymous_0)
FNDA:0,(anonymous_1)
FNDA:1,(anonymous_2)
FNDA:8,(anonymous_3)
FNDA:2,(anonymous_4)
FNDA:6,(anonymous_5)
FNDA:0,(anonymous_6)
FNDA:1,(anonymous_7)
FNDA:2,(anonymous_8)
FNDA:2,(anonymous_9)
FNDA:17,(anonymous_10)
FNDA:17,(anonymous_11)
FNDA:17,(anonymous_12)
DA:7,8
DA:8,8
DA:9,8
DA:13,0
DA:21,1
DA:25,8
DA:26,8
DA:27,1
DA:29,7
DA:30,7
DA:31,7
DA:32,14
DA:33,14
DA:34,4
DA:35,4
DA:36,2
DA:37,2
DA:40,10
DA:41,10
DA:42,5
DA:43,5
DA:50,2
DA:54,6
DA:55,0
DA:58,6
DA:60,2
DA:61,1
DA:63,1
DA:64,1
DA:66,0
DA:67,0
DA:70,0
DA:71,0
DA:72,0
DA:74,0
DA:75,0
DA:77,0
DA:78,0
DA:82,0
DA:83,0
DA:84,0
DA:85,0
DA:87,4
DA:88,1
DA:89,1
DA:91,3
DA:92,3
DA:97,1
DA:98,1
DA:99,2
DA:100,1
DA:102,1
DA:103,0
DA:105,1
DA:108,1
DA:112,2
DA:113,2
DA:114,5
DA:116,2
DA:120,2
DA:121,2
DA:122,2
DA:124,2
DA:128,17
DA:129,1
DA:131,17
DA:132,8
DA:133,8
DA:134,8
DA:139,17
DA:140,1
DA:142,17
DA:143,8
DA:144,8
DA:145,8
DA:150,17
DA:151,1
DA:153,17
DA:154,8
DA:155,8
DA:156,8
DA:163,1
LF:82
LH:66
BRDA:26,0,0,1
BRDA:26,0,1,7
BRDA:33,1,0,4
BRDA:33,1,1,10
BRDA:35,2,0,2
BRDA:35,2,1,2
BRDA:41,3,0,5
BRDA:41,3,1,5
BRDA:54,4,0,0
BRDA:54,4,1,6
BRDA:58,5,0,2
BRDA:58,5,1,4
BRDA:60,6,0,1
BRDA:60,6,1,1
BRDA:60,7,0,2
BRDA:60,7,1,2
BRDA:63,8,0,1
BRDA:63,8,1,0
BRDA:66,9,0,0
BRDA:66,9,1,0
BRDA:71,10,0,0
BRDA:71,10,1,0
BRDA:71,11,0,0
BRDA:71,11,1,0
BRDA:74,12,0,0
BRDA:74,12,1,0
BRDA:77,13,0,0
BRDA:77,13,1,0
BRDA:87,14,0,1
BRDA:87,14,1,3
BRDA:99,15,0,1
BRDA:99,15,1,1
BRDA:102,16,0,0
BRDA:102,16,1,1
BRDA:128,17,0,1
BRDA:128,17,1,16
BRDA:131,18,0,8
BRDA:131,18,1,9
BRDA:139,19,0,1
BRDA:139,19,1,16
BRDA:142,20,0,8
BRDA:142,20,1,9
BRDA:150,21,0,1
BRDA:150,21,1,16
BRDA:153,22,0,8
BRDA:153,22,1,9
BRF:46
BRH:33
end_of_record
TN:
SF:/Users/ali-130257n/www/JavaScript-Algorithm-Learning/tests/bubble-sort.test.js
FN:2,(anonymous_0)
FNF:1
FNH:1
FNDA:1,(anonymous_0)
DA:1,1
DA:2,1
DA:3,1
DA:4,1
DA:5,1
LF:5
LH:5
BRF:0
BRH:0
end_of_record
TN:
SF:/Users/ali-130257n/www/JavaScript-Algorithm-Learning/src/bubble-sort.js
FN:5,bubbleSort
FNF:1
FNH:1
FNDA:1,bubbleSort
DA:6,1
DA:7,7
DA:8,28
DA:9,14
DA:10,14
DA:11,14
DA:15,1
DA:17,1
LF:8
LH:8
BRDA:8,0,0,14
BRDA:8,0,1,14
BRF:2
BRH:2
end_of_record
TN:
SF:/Users/ali-130257n/www/JavaScript-Algorithm-Learning/tests/find-max.test.js
FN:2,(anonymous_0)
FNF:1
FNH:1
FNDA:1,(anonymous_0)
DA:1,1
DA:2,1
DA:3,1
DA:4,1
DA:5,1
LF:5
LH:5
BRF:0
BRH:0
end_of_record
TN:
SF:/Users/ali-130257n/www/JavaScript-Algorithm-Learning/src/find-max.js
FN:4,findMax
FNF:1
FNH:1
FNDA:1,findMax
DA:5,1
DA:6,0
DA:8,1
DA:9,1
DA:10,7
DA:11,3
DA:14,1
DA:17,1
LF:8
LH:7
BRDA:5,0,0,0
BRDA:5,0,1,1
BRDA:10,1,0,3
BRDA:10,1,1,4
BRF:4
BRH:3
end_of_record
TN:
SF:/Users/ali-130257n/www/JavaScript-Algorithm-Learning/tests/find-the-duplicate-char.test.js
FN:2,(anonymous_0)
FNF:1
FNH:1
FNDA:1,(anonymous_0)
DA:1,1
DA:2,1
DA:3,1
DA:4,1
LF:4
LH:4
BRF:0
BRH:0
end_of_record
TN:
SF:/Users/ali-130257n/www/JavaScript-Algorithm-Learning/src/find-the-max-duplicate-char.js
FN:5,findMaxDuplicateChar
FNF:1
FNH:1
FNDA:1,findMaxDuplicateChar
DA:6,1
DA:7,0
DA:9,1
DA:10,1
DA:11,19
DA:12,11
DA:14,8
DA:17,1
DA:18,1
DA:19,1
DA:20,11
DA:21,1
DA:22,1
DA:26,1
DA:30,1
LF:15
LH:14
BRDA:6,0,0,0
BRDA:6,0,1,1
BRDA:11,1,0,11
BRDA:11,1,1,8
BRDA:20,2,0,1
BRDA:20,2,1,10
BRF:6
BRH:5
end_of_record
TN:
SF:/Users/ali-130257n/www/JavaScript-Algorithm-Learning/tests/heap-sort.test.js
FN:2,(anonymous_0)
FNF:1
FNH:1
FNDA:1,(anonymous_0)
DA:1,1
DA:2,1
DA:3,1
DA:4,1
DA:5,1
LF:5
LH:5
BRF:0
BRH:0
end_of_record
TN:
SF:/Users/ali-130257n/www/JavaScript-Algorithm-Learning/src/heap-sort.js
FN:4,heapSort
FN:6,(anonymous_1)
FNF:2
FNH:2
FNDA:1,heapSort
FNDA:11,(anonymous_1)
DA:6,1
DA:7,11
DA:8,11
DA:9,11
DA:10,14
DA:11,5
DA:13,14
DA:14,3
DA:16,11
DA:17,11
DA:18,11
DA:19,11
DA:20,11
DA:25,1
DA:26,1
DA:27,4
DA:29,1
DA:30,7
DA:31,7
DA:32,7
DA:33,7
DA:36,1
DA:41,1
LF:23
LH:23
BRDA:10,0,0,5
BRDA:10,0,1,9
BRDA:10,1,0,14
BRDA:10,1,1,12
BRDA:13,2,0,3
BRDA:13,2,1,11
BRF:6
BRH:6
end_of_record
TN:
SF:/Users/ali-130257n/www/JavaScript-Algorithm-Learning/tests/inser-sort.test.js
FN:2,(anonymous_0)
FNF:1
FNH:1
FNDA:1,(anonymous_0)
DA:1,1
DA:2,1
DA:3,1
DA:4,1
DA:5,1
LF:5
LH:5
BRF:0
BRH:0
end_of_record
TN:
SF:/Users/ali-130257n/www/JavaScript-Algorithm-Learning/src/insert-sort.js
FN:5,insertSort
FNF:1
FNH:1
FNDA:1,insertSort
DA:6,1
DA:7,7
DA:8,7
DA:9,7
DA:10,14
DA:11,14
DA:13,7
DA:15,1
DA:18,1
LF:9
LH:9
BRDA:9,0,0,21
BRDA:9,0,1,20
BRF:2
BRH:2
end_of_record
TN:
SF:/Users/ali-130257n/www/JavaScript-Algorithm-Learning/tests/knapsack.test.js
FN:2,(anonymous_0)
FNF:1
FNH:1
FNDA:1,(anonymous_0)
DA:1,1
DA:2,1
DA:3,1
DA:4,1
DA:5,1
DA:7,1
LF:6
LH:6
BRF:0
BRH:0
end_of_record
TN:
SF:/Users/ali-130257n/www/JavaScript-Algorithm-Learning/src/knapsack.js
FN:4,knapsack
FNF:1
FNH:1
FNDA:1,knapsack
DA:5,1
DA:6,1
DA:7,6
DA:9,1
DA:10,6
DA:11,102
DA:12,22
DA:13,80
DA:14,54
DA:16,26
DA:23,1
DA:27,1
LF:12
LH:12
BRDA:11,0,0,22
BRDA:11,0,1,80
BRDA:11,1,0,102
BRDA:11,1,1,85
BRDA:13,2,0,54
BRDA:13,2,1,26
BRF:6
BRH:6
end_of_record
TN:
SF:/Users/ali-130257n/www/JavaScript-Algorithm-Learning/tests/leetcode/add-two-numbers.test.js
FN:10,ListNode
FN:15,(anonymous_1)
FNF:2
FNH:2
FNDA:9,ListNode
FNDA:1,(anonymous_1)
DA:7,1
DA:11,9
DA:12,9
DA:15,1
DA:16,1
DA:17,1
DA:18,1
DA:19,1
DA:20,1
DA:21,1
DA:22,1
DA:23,1
DA:24,1
DA:25,1
DA:26,1
DA:27,1
DA:28,1
DA:29,1
DA:30,1
DA:31,1
LF:20
LH:20
BRF:0
BRH:0
end_of_record
TN:
SF:/Users/ali-130257n/www/JavaScript-Algorithm-Learning/src/leetcode/add-two-numbers.js
FN:16,ListNode
FN:21,(anonymous_1)
FN:22,(anonymous_2)
FN:35,setNode
FNF:4
FNH:4
FNDA:5,ListNode
FNDA:2,(anonymous_1)
FNDA:5,(anonymous_2)
FNDA:5,setNode
DA:17,5
DA:18,5
DA:21,1
DA:22,2
DA:23,5
DA:24,5
DA:25,5
DA:26,5
DA:31,2
DA:32,2
DA:33,2
DA:36,5
DA:37,0
DA:39,5
DA:40,5
DA:41,1
DA:43,4
DA:45,5
DA:46,2
DA:47,2
DA:49,3
DA:50,3
DA:52,5
DA:53,3
DA:56,2
DA:57,2
DA:60,1
LF:27
LH:26
BRDA:22,0,0,0
BRDA:23,1,0,5
BRDA:23,1,1,5
BRDA:24,2,0,5
BRDA:24,2,1,4
BRDA:36,3,0,0
BRDA:36,3,1,5
BRDA:36,4,0,5
BRDA:36,4,1,0
BRDA:36,4,2,0
BRDA:40,5,0,1
BRDA:40,5,1,4
BRDA:45,6,0,2
BRDA:45,6,1,3
BRDA:52,7,0,3
BRDA:52,7,1,2
BRDA:52,8,0,5
BRDA:52,8,1,5
BRDA:52,8,2,2
BRDA:52,8,3,1
BRDA:52,8,4,2
BRDA:53,9,0,3
BRDA:53,9,1,3
BRDA:53,10,0,3
BRDA:53,10,1,3
BRF:25
BRH:21
end_of_record
TN:
SF:/Users/ali-130257n/www/JavaScript-Algorithm-Learning/tests/leetcode/two-num.test.js
FN:8,(anonymous_0)
FNF:1
FNH:1
FNDA:1,(anonymous_0)
DA:7,1
DA:8,1
DA:9,1
DA:10,1
DA:11,1
DA:12,1
DA:13,1
LF:7
LH:7
BRF:0
BRH:0
end_of_record
TN:
SF:/Users/ali-130257n/www/JavaScript-Algorithm-Learning/src/leetcode/two-sum.js
FN:2,(anonymous_0)
FNF:1
FNH:1
FNDA:1,(anonymous_0)
DA:2,1
DA:3,1
DA:4,1
DA:5,1
DA:6,1
DA:7,1
DA:8,2
DA:9,1
DA:11,1
DA:13,0
LF:10
LH:9
BRDA:8,0,0,1
BRDA:8,0,1,1
BRF:2
BRH:2
end_of_record
TN:
SF:/Users/ali-130257n/www/JavaScript-Algorithm-Learning/tests/quick-sort.test.js
FN:2,(anonymous_0)
FNF:1
FNH:1
FNDA:1,(anonymous_0)
DA:1,1
DA:2,1
DA:3,1
DA:4,1
DA:5,1
LF:5
LH:5
BRF:0
BRH:0
end_of_record
TN:
SF:/Users/ali-130257n/www/JavaScript-Algorithm-Learning/src/quick-sort.js
FN:4,quickSort
FNF:1
FNH:1
FNDA:11,quickSort
DA:6,11
DA:7,6
DA:10,5
DA:11,5
DA:12,5
DA:13,5
DA:14,14
DA:15,10
DA:17,4
DA:21,5
DA:25,1
LF:11
LH:11
BRDA:6,0,0,6
BRDA:6,0,1,5
BRDA:14,1,0,10
BRDA:14,1,1,4
BRF:4
BRH:4
end_of_record
TN:
SF:/Users/ali-130257n/www/JavaScript-Algorithm-Learning/tests/random-string.test.js
FN:2,(anonymous_0)
FNF:1
FNH:1
FNDA:1,(anonymous_0)
DA:1,1
DA:2,1
DA:3,1
DA:4,1
LF:4
LH:4
BRF:0
BRH:0
end_of_record
TN:
SF:/Users/ali-130257n/www/JavaScript-Algorithm-Learning/src/random-string.js
FN:5,randomString
FNF:1
FNH:1
FNDA:1,randomString
DA:6,1
DA:7,1
DA:8,1
DA:9,1
DA:10,1
DA:11,8
DA:13,1
DA:16,1
LF:8
LH:8
BRF:0
BRH:0
end_of_record
TN:
SF:/Users/ali-130257n/www/JavaScript-Algorithm-Learning/tests/selection-sort.test.js
FN:2,(anonymous_0)
FNF:1
FNH:1
FNDA:1,(anonymous_0)
DA:1,1
DA:2,1
DA:3,1
DA:4,1
DA:5,1
LF:5
LH:5
BRF:0
BRH:0
end_of_record
TN:
SF:/Users/ali-130257n/www/JavaScript-Algorithm-Learning/src/selection-sort.js
FN:4,selectionSort
FNF:1
FNH:1
FNDA:1,selectionSort
DA:5,1
DA:6,7
DA:7,7
DA:8,28
DA:9,14
DA:10,14
DA:11,14
DA:14,7
DA:16,1
DA:19,1
LF:10
LH:10
BRDA:8,0,0,14
BRDA:8,0,1,14
BRF:2
BRH:2
end_of_record
TN:
SF:/Users/ali-130257n/www/JavaScript-Algorithm-Learning/tests/shell-sort.test.js
FN:2,(anonymous_0)
FNF:1
FNH:1
FNDA:1,(anonymous_0)
DA:1,1
DA:2,1
DA:3,1
DA:4,1
DA:5,1
LF:5
LH:5
BRF:0
BRH:0
end_of_record
TN:
SF:/Users/ali-130257n/www/JavaScript-Algorithm-Learning/src/shell-sort.js
FN:4,shellSort
FN:26,(anonymous_1)
FNF:2
FNH:1
FNDA:1,shellSort
FNDA:0,(anonymous_1)
DA:5,1
DA:6,1
DA:8,1
DA:9,3
DA:10,17
DA:11,17
DA:12,17
DA:13,8
DA:15,17
DA:17,3
DA:20,1
DA:24,1
DA:26,1
LF:13
LH:13
BRDA:12,0,0,25
BRDA:12,0,1,21
BRF:2
BRH:2
end_of_record
TN:
SF:/Users/ali-130257n/www/JavaScript-Algorithm-Learning/tests/swap-number-without-temp.test.js
FN:2,(anonymous_0)
FNF:1
FNH:1
FNDA:1,(anonymous_0)
DA:1,1
DA:2,1
DA:3,1
DA:5,1
LF:4
LH:4
BRF:0
BRH:0
end_of_record
TN:
SF:/Users/ali-130257n/www/JavaScript-Algorithm-Learning/src/swap-number-without-temp.js
FN:5,swap
FNF:1
FNH:1
FNDA:1,swap
DA:6,1
DA:7,1
DA:8,1
DA:9,1
DA:12,1
LF:5
LH:5
BRF:0
BRH:0
end_of_record
TN:
SF:/Users/ali-130257n/www/JavaScript-Algorithm-Learning/tests/unique.test.js
FN:2,(anonymous_0)
FNF:1
FNH:1
FNDA:1,(anonymous_0)
DA:1,1
DA:2,1
DA:3,1
DA:4,1
LF:4
LH:4
BRF:0
BRH:0
end_of_record
TN:
SF:/Users/ali-130257n/www/JavaScript-Algorithm-Learning/src/unique.js
FN:5,(anonymous_0)
FNF:1
FNH:1
FNDA:1,(anonymous_0)
DA:5,1
DA:6,1
DA:7,1
DA:8,1
DA:9,8
DA:10,6
DA:11,6
DA:15,1
DA:19,1
LF:9
LH:9
BRDA:9,0,0,6
BRDA:9,0,1,2
BRF:2
BRH:2
end_of_record
